{"C:\\Users\\OLUEBUBE\\Desktop\\africana\\backend\\middleware\\auth.js": {"path":"C:\\Users\\OLUEBUBE\\Desktop\\africana\\backend\\middleware\\auth.js","statementMap":{"0":{"start":{"line":1,"column":12},"end":{"line":1,"column":35}},"1":{"start":{"line":2,"column":15},"end":{"line":2,"column":32}},"2":{"start":{"line":4,"column":0},"end":{"line":14,"column":2}},"3":{"start":{"line":5,"column":16},"end":{"line":5,"column":42}},"4":{"start":{"line":6,"column":2},"end":{"line":6,"column":78}},"5":{"start":{"line":6,"column":14},"end":{"line":6,"column":78}},"6":{"start":{"line":7,"column":2},"end":{"line":13,"column":3}},"7":{"start":{"line":8,"column":20},"end":{"line":8,"column":60}},"8":{"start":{"line":9,"column":4},"end":{"line":9,"column":23}},"9":{"start":{"line":10,"column":4},"end":{"line":10,"column":11}},"10":{"start":{"line":12,"column":4},"end":{"line":12,"column":51}}},"fnMap":{"0":{"name":"(anonymous_0)","decl":{"start":{"line":4,"column":17},"end":{"line":4,"column":18}},"loc":{"start":{"line":4,"column":43},"end":{"line":14,"column":1}},"line":4}},"branchMap":{"0":{"loc":{"start":{"line":6,"column":2},"end":{"line":6,"column":78}},"type":"if","locations":[{"start":{"line":6,"column":2},"end":{"line":6,"column":78}},{"start":{},"end":{}}],"line":6}},"s":{"0":1,"1":1,"2":1,"3":1,"4":1,"5":0,"6":1,"7":1,"8":1,"9":1,"10":0},"f":{"0":1},"b":{"0":[0,1]},"_coverageSchema":"1a1c01bbd47fc00a2c39e90264f33305004495a9","hash":"45471d43175fc363b1de56b82451f883e1df0888"}
,"C:\\Users\\OLUEBUBE\\Desktop\\africana\\backend\\models\\user.js": {"path":"C:\\Users\\OLUEBUBE\\Desktop\\africana\\backend\\models\\user.js","statementMap":{"0":{"start":{"line":1,"column":17},"end":{"line":1,"column":36}},"1":{"start":{"line":2,"column":12},"end":{"line":2,"column":26}},"2":{"start":{"line":3,"column":27},"end":{"line":3,"column":61}},"3":{"start":{"line":4,"column":15},"end":{"line":4,"column":32}},"4":{"start":{"line":5,"column":12},"end":{"line":5,"column":35}},"5":{"start":{"line":6,"column":19},"end":{"line":33,"column":2}},"6":{"start":{"line":35,"column":0},"end":{"line":41,"column":2}},"7":{"start":{"line":36,"column":16},"end":{"line":39,"column":3}},"8":{"start":{"line":40,"column":2},"end":{"line":40,"column":15}},"9":{"start":{"line":42,"column":13},"end":{"line":42,"column":47}},"10":{"start":{"line":44,"column":21},"end":{"line":59,"column":1}},"11":{"start":{"line":45,"column":17},"end":{"line":56,"column":4}},"12":{"start":{"line":58,"column":2},"end":{"line":58,"column":31}},"13":{"start":{"line":61,"column":0},"end":{"line":61,"column":20}},"14":{"start":{"line":62,"column":0},"end":{"line":62,"column":32}}},"fnMap":{"0":{"name":"(anonymous_0)","decl":{"start":{"line":35,"column":39},"end":{"line":35,"column":40}},"loc":{"start":{"line":35,"column":51},"end":{"line":41,"column":1}},"line":35},"1":{"name":"(anonymous_1)","decl":{"start":{"line":44,"column":21},"end":{"line":44,"column":22}},"loc":{"start":{"line":44,"column":31},"end":{"line":59,"column":1}},"line":44}},"branchMap":{},"s":{"0":1,"1":1,"2":1,"3":1,"4":1,"5":1,"6":1,"7":1,"8":1,"9":1,"10":1,"11":0,"12":0,"13":1,"14":1},"f":{"0":1,"1":0},"b":{},"_coverageSchema":"1a1c01bbd47fc00a2c39e90264f33305004495a9","hash":"8523d48ad030848e4b1b9fc3870fc096f9baecb8"}
}
